<?xml version="1.0" encoding="UTF-8"?>
<!-- Generated by org.testng.reporters.JUnitReportReporter -->
<testsuite hostname="PTPLL826" failures="0" tests="6" name="Demoblaze.Demoblaze" time="25.971" errors="0" timestamp="2024-12-11T14:05:43 IST" skipped="0">
  <testcase classname="Demoblaze.Demoblaze" name="Register" time="5.537"/>
  <system-out/>
  <testcase classname="Demoblaze.Demoblaze" name="Login" time="4.626"/>
  <system-out/>
  <testcase classname="Demoblaze.Demoblaze" name="HasItems" time="0.125"/>
  <system-out/>
  <testcase classname="Demoblaze.Demoblaze" name="AddRandToCart" time="6.127"/>
  <system-out/>
  <testcase classname="Demoblaze.Demoblaze" name="RemoveItem" time="4.897"/>
  <system-out/>
  <testcase classname="Demoblaze.Demoblaze" name="CompleteCheckout" time="4.659"/>
  <system-out/>
</testsuite> <!-- Demoblaze.Demoblaze -->
